#
# A fatal error has been detected by the Java Runtime Environment:
#
#  EXCEPTION_ACCESS_VIOLATION (0xc0000005) at pc=0x0000000050b0fed7, pid=6072, tid=0x0000000000000340
#
# JRE version: OpenJDK Runtime Environment (8.0_242-b01) (build 1.8.0_242-release-1644-b01)
# Java VM: OpenJDK 64-Bit Server VM (25.242-b01 mixed mode windows-amd64 compressed oops)
# Problematic frame:
# V  [jvm.dll+0x1efed7]
#
# Failed to write core dump. Minidumps are not enabled by default on client versions of Windows
#
# If you would like to submit a bug report, please visit:
#   
#

---------------  T H R E A D  ---------------

Current thread (0x000000002fd56800):  JavaThread "Cache worker for Java compile cache (C:\Users\User\AndroidStudioProjects\TestViewPager2Sample\.gradle\6.1.1\javaCompile)" [_thread_in_vm, id=832, stack(0x0000000025850000,0x0000000025950000)]

siginfo: ExceptionCode=0xc0000005, writing address 0x000000002594b8a0

Registers:
RAX=0x000000002594b8a0, RBX=0x0000000000000005, RCX=0x0000000000004000, RDX=0x0000000000000006
RSP=0x000000002594f8a0, RBP=0x0000000000000000, RSI=0x000000002594f8a0, RDI=0x0000000000000005
R8 =0x0000000000000006, R9 =0x000000002ea9bc30, R10=0x000000001625e968, R11=0x000000002585a148
R12=0x00000000ffffffff, R13=0x000000002fd56800, R14=0x000000002fd56800, R15=0x000000001625e968
RIP=0x0000000050b0fed7, EFLAGS=0x0000000000010206

Top of Stack: (sp=0x000000002594f8a0)
0x000000002594f8a0:   000000002594f9c0 0000000100006948
0x000000002594f8b0:   000000002fd56800 00000000ffffffff
0x000000002594f8c0:   000000002594f968 0000000050b10eb7
0x000000002594f8d0:   000000002594f9d0 000000002ea9bc30
0x000000002594f8e0:   000000001625e968 00000000509bbe73
0x000000002594f8f0:   000000002594f930 000000002fd56800
0x000000002594f900:   000000002594f9c0 000000002fd56800
0x000000002594f910:   000000001625e968 000000002fd56800
0x000000002594f920:   00000000032a6d60 000000002fd56800
0x000000002594f930:   000000001625e968 000000002fd56800
0x000000002594f940:   000000001625e968 000000002fd56800
0x000000002594f950:   0000000000000001 000000001625e968
0x000000002594f960:   000000002fd56800 000000001ddfd6c0
0x000000002594f970:   000000002fd56800 00000000509bd5dd
0x000000002594f980:   000000002594fc88 0000000100006948
0x000000002594f990:   0000000100006948 0000000000000000 

Instructions: (pc=0x0000000050b0fed7)
0x0000000050b0feb7:   48 89 6c 24 30 33 ed 66 90 e8 4b d9 07 00 ff c3
0x0000000050b0fec7:   48 63 c8 48 8b c6 48 0f af cf 48 ff c7 48 2b c1
0x0000000050b0fed7:   89 28 48 63 c3 48 3b 05 65 b8 57 00 7e db 48 8b
0x0000000050b0fee7:   6c 24 30 48 8b 5c 24 38 48 8b 74 24 40 48 83 c4 


Register to memory mapping:

RAX=0x000000002594b8a0 is pointing into the stack for thread: 0x000000002fd56800
RBX=0x0000000000000005 is an unknown value
RCX=0x0000000000004000 is an unknown value
RDX=0x0000000000000006 is an unknown value
RSP=0x000000002594f8a0 is pointing into the stack for thread: 0x000000002fd56800
RBP=0x0000000000000000 is an unknown value
RSI=0x000000002594f8a0 is pointing into the stack for thread: 0x000000002fd56800
RDI=0x0000000000000005 is an unknown value
R8 =0x0000000000000006 is an unknown value
R9 =0x000000002ea9bc30 is an unknown value
R10={method} {0x000000001625e970} 'run' '()V' in 'java/lang/Thread'
R11=0x000000002585a148 is pointing into the stack for thread: 0x000000002fd56800
R12=0x00000000ffffffff is an unknown value
R13=0x000000002fd56800 is a thread
R14=0x000000002fd56800 is a thread
R15={method} {0x000000001625e970} 'run' '()V' in 'java/lang/Thread'


Stack: [0x0000000025850000,0x0000000025950000],  sp=0x000000002594f8a0,  free space=1022k
